The system is: Linux - 3.19.0-56-generic - x86_64
Compiling the C compiler identification source file "CMakeCCompilerId.c" succeeded.
Compiler: /usr/bin/cc 
Build flags: 
Id flags: 

The output was:
0


Compilation of the C compiler identification source "CMakeCCompilerId.c" produced "a.out"

The C compiler identification is GNU, found in "/home/akumavat/Desktop/Ford/romanNumeralCalc/CMakeFiles/2.8.12.2/CompilerIdC/a.out"

Determining if the C compiler works passed with the following output:
Change Dir: /home/akumavat/Desktop/Ford/romanNumeralCalc/CMakeFiles/CMakeTmp

Run Build Command:/usr/bin/make "cmTryCompileExec3174400769/fast"
/usr/bin/make -f CMakeFiles/cmTryCompileExec3174400769.dir/build.make CMakeFiles/cmTryCompileExec3174400769.dir/build
make[1]: Entering directory `/home/akumavat/Desktop/Ford/romanNumeralCalc/CMakeFiles/CMakeTmp'
/usr/bin/cmake -E cmake_progress_report /home/akumavat/Desktop/Ford/romanNumeralCalc/CMakeFiles/CMakeTmp/CMakeFiles 1
Building C object CMakeFiles/cmTryCompileExec3174400769.dir/testCCompiler.c.o
/usr/bin/cc    -o CMakeFiles/cmTryCompileExec3174400769.dir/testCCompiler.c.o   -c /home/akumavat/Desktop/Ford/romanNumeralCalc/CMakeFiles/CMakeTmp/testCCompiler.c
Linking C executable cmTryCompileExec3174400769
/usr/bin/cmake -E cmake_link_script CMakeFiles/cmTryCompileExec3174400769.dir/link.txt --verbose=1
/usr/bin/cc       CMakeFiles/cmTryCompileExec3174400769.dir/testCCompiler.c.o  -o cmTryCompileExec3174400769 -rdynamic 
make[1]: Leaving directory `/home/akumavat/Desktop/Ford/romanNumeralCalc/CMakeFiles/CMakeTmp'


Detecting C compiler ABI info compiled with the following output:
Change Dir: /home/akumavat/Desktop/Ford/romanNumeralCalc/CMakeFiles/CMakeTmp

Run Build Command:/usr/bin/make "cmTryCompileExec3664960343/fast"
/usr/bin/make -f CMakeFiles/cmTryCompileExec3664960343.dir/build.make CMakeFiles/cmTryCompileExec3664960343.dir/build
make[1]: Entering directory `/home/akumavat/Desktop/Ford/romanNumeralCalc/CMakeFiles/CMakeTmp'
/usr/bin/cmake -E cmake_progress_report /home/akumavat/Desktop/Ford/romanNumeralCalc/CMakeFiles/CMakeTmp/CMakeFiles 1
Building C object CMakeFiles/cmTryCompileExec3664960343.dir/CMakeCCompilerABI.c.o
/usr/bin/cc    -o CMakeFiles/cmTryCompileExec3664960343.dir/CMakeCCompilerABI.c.o   -c /usr/share/cmake-2.8/Modules/CMakeCCompilerABI.c
Linking C executable cmTryCompileExec3664960343
/usr/bin/cmake -E cmake_link_script CMakeFiles/cmTryCompileExec3664960343.dir/link.txt --verbose=1
/usr/bin/cc     -v CMakeFiles/cmTryCompileExec3664960343.dir/CMakeCCompilerABI.c.o  -o cmTryCompileExec3664960343 -rdynamic  
Using built-in specs.
COLLECT_GCC=/usr/bin/cc
COLLECT_LTO_WRAPPER=/usr/lib/gcc/x86_64-linux-gnu/4.8/lto-wrapper
Target: x86_64-linux-gnu
Configured with: ../src/configure -v --with-pkgversion='Ubuntu 4.8.4-2ubuntu1~14.04.3' --with-bugurl=file:///usr/share/doc/gcc-4.8/README.Bugs --enable-languages=c,c++,java,go,d,fortran,objc,obj-c++ --prefix=/usr --program-suffix=-4.8 --enable-shared --enable-linker-build-id --libexecdir=/usr/lib --without-included-gettext --enable-threads=posix --with-gxx-include-dir=/usr/include/c++/4.8 --libdir=/usr/lib --enable-nls --with-sysroot=/ --enable-clocale=gnu --enable-libstdcxx-debug --enable-libstdcxx-time=yes --enable-gnu-unique-object --disable-libmudflap --enable-plugin --with-system-zlib --disable-browser-plugin --enable-java-awt=gtk --enable-gtk-cairo --with-java-home=/usr/lib/jvm/java-1.5.0-gcj-4.8-amd64/jre --enable-java-home --with-jvm-root-dir=/usr/lib/jvm/java-1.5.0-gcj-4.8-amd64 --with-jvm-jar-dir=/usr/lib/jvm-exports/java-1.5.0-gcj-4.8-amd64 --with-arch-directory=amd64 --with-ecj-jar=/usr/share/java/eclipse-ecj.jar --enable-objc-gc --enable-multiarch --disable-werror --with-arch-32=i686 --with-abi=m64 --with-multilib-list=m32,m64,mx32 --with-tune=generic --enable-checking=release --build=x86_64-linux-gnu --host=x86_64-linux-gnu --target=x86_64-linux-gnu
Thread model: posix
gcc version 4.8.4 (Ubuntu 4.8.4-2ubuntu1~14.04.3) 
COMPILER_PATH=/usr/lib/gcc/x86_64-linux-gnu/4.8/:/usr/lib/gcc/x86_64-linux-gnu/4.8/:/usr/lib/gcc/x86_64-linux-gnu/:/usr/lib/gcc/x86_64-linux-gnu/4.8/:/usr/lib/gcc/x86_64-linux-gnu/
LIBRARY_PATH=/usr/lib/gcc/x86_64-linux-gnu/4.8/:/usr/lib/gcc/x86_64-linux-gnu/4.8/../../../x86_64-linux-gnu/:/usr/lib/gcc/x86_64-linux-gnu/4.8/../../../../lib/:/lib/x86_64-linux-gnu/:/lib/../lib/:/usr/lib/x86_64-linux-gnu/:/usr/lib/../lib/:/usr/lib/gcc/x86_64-linux-gnu/4.8/../../../:/lib/:/usr/lib/
COLLECT_GCC_OPTIONS='-v' '-o' 'cmTryCompileExec3664960343' '-rdynamic' '-mtune=generic' '-march=x86-64'
 /usr/lib/gcc/x86_64-linux-gnu/4.8/collect2 --sysroot=/ --build-id --eh-frame-hdr -m elf_x86_64 --hash-style=gnu --as-needed -export-dynamic -dynamic-linker /lib64/ld-linux-x86-64.so.2 -z relro -o cmTryCompileExec3664960343 /usr/lib/gcc/x86_64-linux-gnu/4.8/../../../x86_64-linux-gnu/crt1.o /usr/lib/gcc/x86_64-linux-gnu/4.8/../../../x86_64-linux-gnu/crti.o /usr/lib/gcc/x86_64-linux-gnu/4.8/crtbegin.o -L/usr/lib/gcc/x86_64-linux-gnu/4.8 -L/usr/lib/gcc/x86_64-linux-gnu/4.8/../../../x86_64-linux-gnu -L/usr/lib/gcc/x86_64-linux-gnu/4.8/../../../../lib -L/lib/x86_64-linux-gnu -L/lib/../lib -L/usr/lib/x86_64-linux-gnu -L/usr/lib/../lib -L/usr/lib/gcc/x86_64-linux-gnu/4.8/../../.. CMakeFiles/cmTryCompileExec3664960343.dir/CMakeCCompilerABI.c.o -lgcc --as-needed -lgcc_s --no-as-needed -lc -lgcc --as-needed -lgcc_s --no-as-needed /usr/lib/gcc/x86_64-linux-gnu/4.8/crtend.o /usr/lib/gcc/x86_64-linux-gnu/4.8/../../../x86_64-linux-gnu/crtn.o
make[1]: Leaving directory `/home/akumavat/Desktop/Ford/romanNumeralCalc/CMakeFiles/CMakeTmp'


Parsed C implicit link information from above output:
  link line regex: [^( *|.*[/\])(ld|([^/\]+-)?ld|collect2)[^/\]*( |$)]
  ignore line: [Change Dir: /home/akumavat/Desktop/Ford/romanNumeralCalc/CMakeFiles/CMakeTmp]
  ignore line: []
  ignore line: [Run Build Command:/usr/bin/make "cmTryCompileExec3664960343/fast"]
  ignore line: [/usr/bin/make -f CMakeFiles/cmTryCompileExec3664960343.dir/build.make CMakeFiles/cmTryCompileExec3664960343.dir/build]
  ignore line: [make[1]: Entering directory `/home/akumavat/Desktop/Ford/romanNumeralCalc/CMakeFiles/CMakeTmp']
  ignore line: [/usr/bin/cmake -E cmake_progress_report /home/akumavat/Desktop/Ford/romanNumeralCalc/CMakeFiles/CMakeTmp/CMakeFiles 1]
  ignore line: [Building C object CMakeFiles/cmTryCompileExec3664960343.dir/CMakeCCompilerABI.c.o]
  ignore line: [/usr/bin/cc    -o CMakeFiles/cmTryCompileExec3664960343.dir/CMakeCCompilerABI.c.o   -c /usr/share/cmake-2.8/Modules/CMakeCCompilerABI.c]
  ignore line: [Linking C executable cmTryCompileExec3664960343]
  ignore line: [/usr/bin/cmake -E cmake_link_script CMakeFiles/cmTryCompileExec3664960343.dir/link.txt --verbose=1]
  ignore line: [/usr/bin/cc     -v CMakeFiles/cmTryCompileExec3664960343.dir/CMakeCCompilerABI.c.o  -o cmTryCompileExec3664960343 -rdynamic  ]
  ignore line: [Using built-in specs.]
  ignore line: [COLLECT_GCC=/usr/bin/cc]
  ignore line: [COLLECT_LTO_WRAPPER=/usr/lib/gcc/x86_64-linux-gnu/4.8/lto-wrapper]
  ignore line: [Target: x86_64-linux-gnu]
  ignore line: [Configured with: ../src/configure -v --with-pkgversion='Ubuntu 4.8.4-2ubuntu1~14.04.3' --with-bugurl=file:///usr/share/doc/gcc-4.8/README.Bugs --enable-languages=c,c++,java,go,d,fortran,objc,obj-c++ --prefix=/usr --program-suffix=-4.8 --enable-shared --enable-linker-build-id --libexecdir=/usr/lib --without-included-gettext --enable-threads=posix --with-gxx-include-dir=/usr/include/c++/4.8 --libdir=/usr/lib --enable-nls --with-sysroot=/ --enable-clocale=gnu --enable-libstdcxx-debug --enable-libstdcxx-time=yes --enable-gnu-unique-object --disable-libmudflap --enable-plugin --with-system-zlib --disable-browser-plugin --enable-java-awt=gtk --enable-gtk-cairo --with-java-home=/usr/lib/jvm/java-1.5.0-gcj-4.8-amd64/jre --enable-java-home --with-jvm-root-dir=/usr/lib/jvm/java-1.5.0-gcj-4.8-amd64 --with-jvm-jar-dir=/usr/lib/jvm-exports/java-1.5.0-gcj-4.8-amd64 --with-arch-directory=amd64 --with-ecj-jar=/usr/share/java/eclipse-ecj.jar --enable-objc-gc --enable-multiarch --disable-werror --with-arch-32=i686 --with-abi=m64 --with-multilib-list=m32,m64,mx32 --with-tune=generic --enable-checking=release --build=x86_64-linux-gnu --host=x86_64-linux-gnu --target=x86_64-linux-gnu]
  ignore line: [Thread model: posix]
  ignore line: [gcc version 4.8.4 (Ubuntu 4.8.4-2ubuntu1~14.04.3) ]
  ignore line: [COMPILER_PATH=/usr/lib/gcc/x86_64-linux-gnu/4.8/:/usr/lib/gcc/x86_64-linux-gnu/4.8/:/usr/lib/gcc/x86_64-linux-gnu/:/usr/lib/gcc/x86_64-linux-gnu/4.8/:/usr/lib/gcc/x86_64-linux-gnu/]
  ignore line: [LIBRARY_PATH=/usr/lib/gcc/x86_64-linux-gnu/4.8/:/usr/lib/gcc/x86_64-linux-gnu/4.8/../../../x86_64-linux-gnu/:/usr/lib/gcc/x86_64-linux-gnu/4.8/../../../../lib/:/lib/x86_64-linux-gnu/:/lib/../lib/:/usr/lib/x86_64-linux-gnu/:/usr/lib/../lib/:/usr/lib/gcc/x86_64-linux-gnu/4.8/../../../:/lib/:/usr/lib/]
  ignore line: [COLLECT_GCC_OPTIONS='-v' '-o' 'cmTryCompileExec3664960343' '-rdynamic' '-mtune=generic' '-march=x86-64']
  link line: [ /usr/lib/gcc/x86_64-linux-gnu/4.8/collect2 --sysroot=/ --build-id --eh-frame-hdr -m elf_x86_64 --hash-style=gnu --as-needed -export-dynamic -dynamic-linker /lib64/ld-linux-x86-64.so.2 -z relro -o cmTryCompileExec3664960343 /usr/lib/gcc/x86_64-linux-gnu/4.8/../../../x86_64-linux-gnu/crt1.o /usr/lib/gcc/x86_64-linux-gnu/4.8/../../../x86_64-linux-gnu/crti.o /usr/lib/gcc/x86_64-linux-gnu/4.8/crtbegin.o -L/usr/lib/gcc/x86_64-linux-gnu/4.8 -L/usr/lib/gcc/x86_64-linux-gnu/4.8/../../../x86_64-linux-gnu -L/usr/lib/gcc/x86_64-linux-gnu/4.8/../../../../lib -L/lib/x86_64-linux-gnu -L/lib/../lib -L/usr/lib/x86_64-linux-gnu -L/usr/lib/../lib -L/usr/lib/gcc/x86_64-linux-gnu/4.8/../../.. CMakeFiles/cmTryCompileExec3664960343.dir/CMakeCCompilerABI.c.o -lgcc --as-needed -lgcc_s --no-as-needed -lc -lgcc --as-needed -lgcc_s --no-as-needed /usr/lib/gcc/x86_64-linux-gnu/4.8/crtend.o /usr/lib/gcc/x86_64-linux-gnu/4.8/../../../x86_64-linux-gnu/crtn.o]
    arg [/usr/lib/gcc/x86_64-linux-gnu/4.8/collect2] ==> ignore
    arg [--sysroot=/] ==> ignore
    arg [--build-id] ==> ignore
    arg [--eh-frame-hdr] ==> ignore
    arg [-m] ==> ignore
    arg [elf_x86_64] ==> ignore
    arg [--hash-style=gnu] ==> ignore
    arg [--as-needed] ==> ignore
    arg [-export-dynamic] ==> ignore
    arg [-dynamic-linker] ==> ignore
    arg [/lib64/ld-linux-x86-64.so.2] ==> ignore
    arg [-zrelro] ==> ignore
    arg [-o] ==> ignore
    arg [cmTryCompileExec3664960343] ==> ignore
    arg [/usr/lib/gcc/x86_64-linux-gnu/4.8/../../../x86_64-linux-gnu/crt1.o] ==> ignore
    arg [/usr/lib/gcc/x86_64-linux-gnu/4.8/../../../x86_64-linux-gnu/crti.o] ==> ignore
    arg [/usr/lib/gcc/x86_64-linux-gnu/4.8/crtbegin.o] ==> ignore
    arg [-L/usr/lib/gcc/x86_64-linux-gnu/4.8] ==> dir [/usr/lib/gcc/x86_64-linux-gnu/4.8]
    arg [-L/usr/lib/gcc/x86_64-linux-gnu/4.8/../../../x86_64-linux-gnu] ==> dir [/usr/lib/gcc/x86_64-linux-gnu/4.8/../../../x86_64-linux-gnu]
    arg [-L/usr/lib/gcc/x86_64-linux-gnu/4.8/../../../../lib] ==> dir [/usr/lib/gcc/x86_64-linux-gnu/4.8/../../../../lib]
    arg [-L/lib/x86_64-linux-gnu] ==> dir [/lib/x86_64-linux-gnu]
    arg [-L/lib/../lib] ==> dir [/lib/../lib]
    arg [-L/usr/lib/x86_64-linux-gnu] ==> dir [/usr/lib/x86_64-linux-gnu]
    arg [-L/usr/lib/../lib] ==> dir [/usr/lib/../lib]
    arg [-L/usr/lib/gcc/x86_64-linux-gnu/4.8/../../..] ==> dir [/usr/lib/gcc/x86_64-linux-gnu/4.8/../../..]
    arg [CMakeFiles/cmTryCompileExec3664960343.dir/CMakeCCompilerABI.c.o] ==> ignore
    arg [-lgcc] ==> lib [gcc]
    arg [--as-needed] ==> ignore
    arg [-lgcc_s] ==> lib [gcc_s]
    arg [--no-as-needed] ==> ignore
    arg [-lc] ==> lib [c]
    arg [-lgcc] ==> lib [gcc]
    arg [--as-needed] ==> ignore
    arg [-lgcc_s] ==> lib [gcc_s]
    arg [--no-as-needed] ==> ignore
    arg [/usr/lib/gcc/x86_64-linux-gnu/4.8/crtend.o] ==> ignore
    arg [/usr/lib/gcc/x86_64-linux-gnu/4.8/../../../x86_64-linux-gnu/crtn.o] ==> ignore
  remove lib [gcc]
  remove lib [gcc_s]
  remove lib [gcc]
  remove lib [gcc_s]
  collapse library dir [/usr/lib/gcc/x86_64-linux-gnu/4.8] ==> [/usr/lib/gcc/x86_64-linux-gnu/4.8]
  collapse library dir [/usr/lib/gcc/x86_64-linux-gnu/4.8/../../../x86_64-linux-gnu] ==> [/usr/lib/x86_64-linux-gnu]
  collapse library dir [/usr/lib/gcc/x86_64-linux-gnu/4.8/../../../../lib] ==> [/usr/lib]
  collapse library dir [/lib/x86_64-linux-gnu] ==> [/lib/x86_64-linux-gnu]
  collapse library dir [/lib/../lib] ==> [/lib]
  collapse library dir [/usr/lib/x86_64-linux-gnu] ==> [/usr/lib/x86_64-linux-gnu]
  collapse library dir [/usr/lib/../lib] ==> [/usr/lib]
  collapse library dir [/usr/lib/gcc/x86_64-linux-gnu/4.8/../../..] ==> [/usr/lib]
  implicit libs: [c]
  implicit dirs: [/usr/lib/gcc/x86_64-linux-gnu/4.8;/usr/lib/x86_64-linux-gnu;/usr/lib;/lib/x86_64-linux-gnu;/lib]
  implicit fwks: []


Determining if files ;stdlib.h exist passed with the following output:
Change Dir: /home/akumavat/Desktop/Ford/romanNumeralCalc/CMakeFiles/CMakeTmp

Run Build Command:/usr/bin/make "cmTryCompileExec1547157824/fast"
/usr/bin/make -f CMakeFiles/cmTryCompileExec1547157824.dir/build.make CMakeFiles/cmTryCompileExec1547157824.dir/build
make[1]: Entering directory `/home/akumavat/Desktop/Ford/romanNumeralCalc/CMakeFiles/CMakeTmp'
/usr/bin/cmake -E cmake_progress_report /home/akumavat/Desktop/Ford/romanNumeralCalc/CMakeFiles/CMakeTmp/CMakeFiles 1
Building C object CMakeFiles/cmTryCompileExec1547157824.dir/CheckIncludeFiles.c.o
/usr/bin/cc    -o CMakeFiles/cmTryCompileExec1547157824.dir/CheckIncludeFiles.c.o   -c /home/akumavat/Desktop/Ford/romanNumeralCalc/CMakeFiles/CMakeTmp/CheckIncludeFiles.c
Linking C executable cmTryCompileExec1547157824
/usr/bin/cmake -E cmake_link_script CMakeFiles/cmTryCompileExec1547157824.dir/link.txt --verbose=1
/usr/bin/cc       CMakeFiles/cmTryCompileExec1547157824.dir/CheckIncludeFiles.c.o  -o cmTryCompileExec1547157824 -rdynamic 
make[1]: Leaving directory `/home/akumavat/Desktop/Ford/romanNumeralCalc/CMakeFiles/CMakeTmp'


Determining if the include file sys/types.h exists passed with the following output:
Change Dir: /home/akumavat/Desktop/Ford/romanNumeralCalc/CMakeFiles/CMakeTmp

Run Build Command:/usr/bin/make "cmTryCompileExec1830259951/fast"
/usr/bin/make -f CMakeFiles/cmTryCompileExec1830259951.dir/build.make CMakeFiles/cmTryCompileExec1830259951.dir/build
make[1]: Entering directory `/home/akumavat/Desktop/Ford/romanNumeralCalc/CMakeFiles/CMakeTmp'
/usr/bin/cmake -E cmake_progress_report /home/akumavat/Desktop/Ford/romanNumeralCalc/CMakeFiles/CMakeTmp/CMakeFiles 1
Building C object CMakeFiles/cmTryCompileExec1830259951.dir/CheckIncludeFile.c.o
/usr/bin/cc    -o CMakeFiles/cmTryCompileExec1830259951.dir/CheckIncludeFile.c.o   -c /home/akumavat/Desktop/Ford/romanNumeralCalc/CMakeFiles/CMakeTmp/CheckIncludeFile.c
Linking C executable cmTryCompileExec1830259951
/usr/bin/cmake -E cmake_link_script CMakeFiles/cmTryCompileExec1830259951.dir/link.txt --verbose=1
/usr/bin/cc       CMakeFiles/cmTryCompileExec1830259951.dir/CheckIncludeFile.c.o  -o cmTryCompileExec1830259951 -rdynamic 
make[1]: Leaving directory `/home/akumavat/Desktop/Ford/romanNumeralCalc/CMakeFiles/CMakeTmp'


Determining if the include file stdint.h exists passed with the following output:
Change Dir: /home/akumavat/Desktop/Ford/romanNumeralCalc/CMakeFiles/CMakeTmp

Run Build Command:/usr/bin/make "cmTryCompileExec4118748718/fast"
/usr/bin/make -f CMakeFiles/cmTryCompileExec4118748718.dir/build.make CMakeFiles/cmTryCompileExec4118748718.dir/build
make[1]: Entering directory `/home/akumavat/Desktop/Ford/romanNumeralCalc/CMakeFiles/CMakeTmp'
/usr/bin/cmake -E cmake_progress_report /home/akumavat/Desktop/Ford/romanNumeralCalc/CMakeFiles/CMakeTmp/CMakeFiles 1
Building C object CMakeFiles/cmTryCompileExec4118748718.dir/CheckIncludeFile.c.o
/usr/bin/cc    -o CMakeFiles/cmTryCompileExec4118748718.dir/CheckIncludeFile.c.o   -c /home/akumavat/Desktop/Ford/romanNumeralCalc/CMakeFiles/CMakeTmp/CheckIncludeFile.c
Linking C executable cmTryCompileExec4118748718
/usr/bin/cmake -E cmake_link_script CMakeFiles/cmTryCompileExec4118748718.dir/link.txt --verbose=1
/usr/bin/cc       CMakeFiles/cmTryCompileExec4118748718.dir/CheckIncludeFile.c.o  -o cmTryCompileExec4118748718 -rdynamic 
make[1]: Leaving directory `/home/akumavat/Desktop/Ford/romanNumeralCalc/CMakeFiles/CMakeTmp'


Determining if the include file stddef.h exists passed with the following output:
Change Dir: /home/akumavat/Desktop/Ford/romanNumeralCalc/CMakeFiles/CMakeTmp

Run Build Command:/usr/bin/make "cmTryCompileExec1655569880/fast"
/usr/bin/make -f CMakeFiles/cmTryCompileExec1655569880.dir/build.make CMakeFiles/cmTryCompileExec1655569880.dir/build
make[1]: Entering directory `/home/akumavat/Desktop/Ford/romanNumeralCalc/CMakeFiles/CMakeTmp'
/usr/bin/cmake -E cmake_progress_report /home/akumavat/Desktop/Ford/romanNumeralCalc/CMakeFiles/CMakeTmp/CMakeFiles 1
Building C object CMakeFiles/cmTryCompileExec1655569880.dir/CheckIncludeFile.c.o
/usr/bin/cc    -o CMakeFiles/cmTryCompileExec1655569880.dir/CheckIncludeFile.c.o   -c /home/akumavat/Desktop/Ford/romanNumeralCalc/CMakeFiles/CMakeTmp/CheckIncludeFile.c
Linking C executable cmTryCompileExec1655569880
/usr/bin/cmake -E cmake_link_script CMakeFiles/cmTryCompileExec1655569880.dir/link.txt --verbose=1
/usr/bin/cc       CMakeFiles/cmTryCompileExec1655569880.dir/CheckIncludeFile.c.o  -o cmTryCompileExec1655569880 -rdynamic 
make[1]: Leaving directory `/home/akumavat/Desktop/Ford/romanNumeralCalc/CMakeFiles/CMakeTmp'


Determining size of intmax_t passed with the following output:
Change Dir: /home/akumavat/Desktop/Ford/romanNumeralCalc/CMakeFiles/CMakeTmp

Run Build Command:/usr/bin/make "cmTryCompileExec3772664052/fast"
/usr/bin/make -f CMakeFiles/cmTryCompileExec3772664052.dir/build.make CMakeFiles/cmTryCompileExec3772664052.dir/build
make[1]: Entering directory `/home/akumavat/Desktop/Ford/romanNumeralCalc/CMakeFiles/CMakeTmp'
/usr/bin/cmake -E cmake_progress_report /home/akumavat/Desktop/Ford/romanNumeralCalc/CMakeFiles/CMakeTmp/CMakeFiles 1
Building C object CMakeFiles/cmTryCompileExec3772664052.dir/INTMAX_T.c.o
/usr/bin/cc    -o CMakeFiles/cmTryCompileExec3772664052.dir/INTMAX_T.c.o   -c /home/akumavat/Desktop/Ford/romanNumeralCalc/CMakeFiles/CheckTypeSize/INTMAX_T.c
Linking C executable cmTryCompileExec3772664052
/usr/bin/cmake -E cmake_link_script CMakeFiles/cmTryCompileExec3772664052.dir/link.txt --verbose=1
/usr/bin/cc       CMakeFiles/cmTryCompileExec3772664052.dir/INTMAX_T.c.o  -o cmTryCompileExec3772664052 -rdynamic 
make[1]: Leaving directory `/home/akumavat/Desktop/Ford/romanNumeralCalc/CMakeFiles/CMakeTmp'


Determining size of uintmax_t passed with the following output:
Change Dir: /home/akumavat/Desktop/Ford/romanNumeralCalc/CMakeFiles/CMakeTmp

Run Build Command:/usr/bin/make "cmTryCompileExec1916988512/fast"
/usr/bin/make -f CMakeFiles/cmTryCompileExec1916988512.dir/build.make CMakeFiles/cmTryCompileExec1916988512.dir/build
make[1]: Entering directory `/home/akumavat/Desktop/Ford/romanNumeralCalc/CMakeFiles/CMakeTmp'
/usr/bin/cmake -E cmake_progress_report /home/akumavat/Desktop/Ford/romanNumeralCalc/CMakeFiles/CMakeTmp/CMakeFiles 1
Building C object CMakeFiles/cmTryCompileExec1916988512.dir/UINTMAX_T.c.o
/usr/bin/cc    -o CMakeFiles/cmTryCompileExec1916988512.dir/UINTMAX_T.c.o   -c /home/akumavat/Desktop/Ford/romanNumeralCalc/CMakeFiles/CheckTypeSize/UINTMAX_T.c
Linking C executable cmTryCompileExec1916988512
/usr/bin/cmake -E cmake_link_script CMakeFiles/cmTryCompileExec1916988512.dir/link.txt --verbose=1
/usr/bin/cc       CMakeFiles/cmTryCompileExec1916988512.dir/UINTMAX_T.c.o  -o cmTryCompileExec1916988512 -rdynamic 
make[1]: Leaving directory `/home/akumavat/Desktop/Ford/romanNumeralCalc/CMakeFiles/CMakeTmp'


Determining size of pid_t passed with the following output:
Change Dir: /home/akumavat/Desktop/Ford/romanNumeralCalc/CMakeFiles/CMakeTmp

Run Build Command:/usr/bin/make "cmTryCompileExec490927766/fast"
/usr/bin/make -f CMakeFiles/cmTryCompileExec490927766.dir/build.make CMakeFiles/cmTryCompileExec490927766.dir/build
make[1]: Entering directory `/home/akumavat/Desktop/Ford/romanNumeralCalc/CMakeFiles/CMakeTmp'
/usr/bin/cmake -E cmake_progress_report /home/akumavat/Desktop/Ford/romanNumeralCalc/CMakeFiles/CMakeTmp/CMakeFiles 1
Building C object CMakeFiles/cmTryCompileExec490927766.dir/PID_T.c.o
/usr/bin/cc    -o CMakeFiles/cmTryCompileExec490927766.dir/PID_T.c.o   -c /home/akumavat/Desktop/Ford/romanNumeralCalc/CMakeFiles/CheckTypeSize/PID_T.c
Linking C executable cmTryCompileExec490927766
/usr/bin/cmake -E cmake_link_script CMakeFiles/cmTryCompileExec490927766.dir/link.txt --verbose=1
/usr/bin/cc       CMakeFiles/cmTryCompileExec490927766.dir/PID_T.c.o  -o cmTryCompileExec490927766 -rdynamic 
make[1]: Leaving directory `/home/akumavat/Desktop/Ford/romanNumeralCalc/CMakeFiles/CMakeTmp'


